Log file open, 12/01/21 16:06:19
LogWindows: Failed to load 'aqProf.dll' (GetLastError=126)
LogWindows: File 'aqProf.dll' does not exist
LogWindows: Failed to load 'VtuneApi.dll' (GetLastError=126)
LogWindows: File 'VtuneApi.dll' does not exist
LogWindows: Failed to load 'VtuneApi32e.dll' (GetLastError=126)
LogWindows: File 'VtuneApi32e.dll' does not exist
LogConsoleResponse: Display: Failed to find resolution value strings in scalability ini. Falling back to default.
LogConsoleResponse: Display: Failed to find resolution value strings in scalability ini. Falling back to default.
LogInit: Display: Running engine for game: SpaceMission
LogPlatformFile: Not using cached read wrapper
LogTaskGraph: Started task graph with 5 named threads and 17 total threads with 3 sets of task threads.
LogStats: Stats thread started at 0.221422
LogICUInternationalization: ICU TimeZone Detection - Raw Offset: +1:00, Platform Override: ''
LogInit: Display: Loading text-based GConfig....
LogPluginManager: Mounting plugin MeshPainting
LogPluginManager: Mounting plugin XGEController
LogPluginManager: Mounting plugin Paper2D
LogPluginManager: Mounting plugin AISupport
LogPluginManager: Mounting plugin EnvironmentQueryEditor
LogPluginManager: Mounting plugin LiveLink
LogPluginManager: Mounting plugin LightPropagationVolume
LogPluginManager: Mounting plugin CameraShakePreviewer
LogPluginManager: Mounting plugin GameplayCameras
LogPluginManager: Mounting plugin OodleData
LogPluginManager: Mounting plugin OodleNetwork
LogPluginManager: Mounting plugin AnimationSharing
LogPluginManager: Mounting plugin CLionSourceCodeAccess
LogPluginManager: Mounting plugin CodeLiteSourceCodeAccess
LogPluginManager: Mounting plugin GitSourceControl
LogPluginManager: Mounting plugin KDevelopSourceCodeAccess
LogPluginManager: Mounting plugin NullSourceCodeAccess
LogPluginManager: Mounting plugin PerforceSourceControl
LogPluginManager: Mounting plugin PixWinPlugin
LogPluginManager: Mounting plugin PlasticSourceControl
LogPluginManager: Mounting plugin PluginUtils
LogPluginManager: Mounting plugin PropertyAccessNode
LogPluginManager: Mounting plugin RiderSourceCodeAccess
LogPluginManager: Mounting plugin SubversionSourceControl
LogPluginManager: Mounting plugin TextureFormatOodle
LogPluginManager: Mounting plugin UObjectPlugin
LogPluginManager: Mounting plugin VisualStudioCodeSourceCodeAccess
LogPluginManager: Mounting plugin VisualStudioSourceCodeAccess
LogPluginManager: Mounting plugin XCodeSourceCodeAccess
LogPluginManager: Mounting plugin AssetManagerEditor
LogPluginManager: Mounting plugin CryptoKeys
LogPluginManager: Mounting plugin CurveEditorTools
LogPluginManager: Mounting plugin DataValidation
LogPluginManager: Mounting plugin FacialAnimation
LogPluginManager: Mounting plugin GameplayTagsEditor
LogPluginManager: Mounting plugin GeometryMode
LogPluginManager: Mounting plugin MacGraphicsSwitching
LogPluginManager: Mounting plugin MaterialAnalyzer
LogPluginManager: Mounting plugin MobileLauncherProfileWizard
LogPluginManager: Mounting plugin PluginBrowser
LogPluginManager: Mounting plugin SpeedTreeImporter
LogPluginManager: Mounting plugin DatasmithContent
LogPluginManager: Mounting plugin VariantManagerContent
LogPluginManager: Mounting plugin AlembicImporter
LogPluginManager: Mounting plugin AutomationUtils
LogPluginManager: Mounting plugin BackChannel
LogPluginManager: Mounting plugin ChaosCloth
LogPluginManager: Mounting plugin ChaosClothEditor
LogPluginManager: Mounting plugin ChaosEditor
LogPluginManager: Mounting plugin ChaosNiagara
LogPluginManager: Mounting plugin ChaosSolverPlugin
LogPluginManager: Mounting plugin CharacterAI
LogPluginManager: Mounting plugin GeometryCache
LogPluginManager: Mounting plugin GeometryCollectionPlugin
LogPluginManager: Mounting plugin GeometryProcessing
LogPluginManager: Mounting plugin MotoSynth
LogPluginManager: Mounting plugin OpenImageDenoise
LogPluginManager: Mounting plugin PlanarCut
LogPluginManager: Mounting plugin PlatformCrypto
LogPluginManager: Mounting plugin ProxyLODPlugin
LogPluginManager: Mounting plugin PythonScriptPlugin
LogPluginManager: Mounting plugin RawInput
LogPluginManager: Mounting plugin SkeletalReduction
LogPluginManager: Mounting plugin Niagara
LogPluginManager: Mounting plugin LuminPlatformFeatures
LogPluginManager: Mounting plugin MagicLeap
LogPluginManager: Mounting plugin MagicLeapLightEstimation
LogPluginManager: Mounting plugin MagicLeapMedia
LogPluginManager: Mounting plugin MagicLeapPassableWorld
LogPluginManager: Mounting plugin MLSDK
LogPluginManager: Mounting plugin BlockoutToolsPlugin
LogPluginManager: Mounting plugin AndroidMedia
LogPluginManager: Mounting plugin AvfMedia
LogPluginManager: Mounting plugin ImgMedia
LogPluginManager: Mounting plugin MediaCompositing
LogPluginManager: Mounting plugin MediaPlayerEditor
LogPluginManager: Mounting plugin WebMMedia
LogPluginManager: Mounting plugin WmfMedia
LogPluginManager: Mounting plugin TcpMessaging
LogPluginManager: Mounting plugin UdpMessaging
LogPluginManager: Mounting plugin ActorSequence
LogPluginManager: Mounting plugin LevelSequenceEditor
LogPluginManager: Mounting plugin MatineeToLevelSequence
LogPluginManager: Mounting plugin TemplateSequence
LogPluginManager: Mounting plugin OnlineSubsystem
LogPluginManager: Mounting plugin OnlineSubsystemNull
LogPluginManager: Mounting plugin OnlineSubsystemSteam
LogPluginManager: Mounting plugin OnlineSubsystemUtils
LogPluginManager: Mounting plugin LauncherChunkInstaller
LogPluginManager: Mounting plugin ActorLayerUtilities
LogPluginManager: Mounting plugin AndroidDeviceProfileSelector
LogPluginManager: Mounting plugin AndroidMoviePlayer
LogPluginManager: Mounting plugin AndroidPermission
LogPluginManager: Mounting plugin AppleImageUtils
LogPluginManager: Mounting plugin AppleMoviePlayer
LogPluginManager: Mounting plugin ArchVisCharacter
LogPluginManager: Mounting plugin AssetTags
LogPluginManager: Mounting plugin AudioCapture
LogPluginManager: Mounting plugin AudioSynesthesia
LogPluginManager: Mounting plugin CableComponent
LogPluginManager: Mounting plugin ChunkDownloader
LogPluginManager: Mounting plugin CustomMeshComponent
LogPluginManager: Mounting plugin EditableMesh
LogPluginManager: Mounting plugin ExampleDeviceProfileSelector
LogPluginManager: Mounting plugin GoogleCloudMessaging
LogPluginManager: Mounting plugin GooglePAD
LogPluginManager: Mounting plugin IOSDeviceProfileSelector
LogPluginManager: Mounting plugin LinuxDeviceProfileSelector
LogPluginManager: Mounting plugin LocationServicesBPLibrary
LogPluginManager: Mounting plugin MobilePatchingUtils
LogPluginManager: Mounting plugin OpenXR
LogPluginManager: Mounting plugin OpenXREyeTracker
LogPluginManager: Mounting plugin OpenXRHandTracking
LogPluginManager: Mounting plugin PhysXVehicles
LogPluginManager: Mounting plugin PostSplashScreen
LogPluginManager: Mounting plugin ProceduralMeshComponent
LogPluginManager: Mounting plugin PropertyAccessEditor
LogPluginManager: Mounting plugin RuntimePhysXCooking
LogPluginManager: Mounting plugin SignificanceManager
LogPluginManager: Mounting plugin SoundFields
LogPluginManager: Mounting plugin Synthesis
LogPluginManager: Mounting plugin WebMMoviePlayer
LogPluginManager: Mounting plugin WindowsMoviePlayer
LogPluginManager: Mounting plugin ScreenshotTools
LogPluginManager: Mounting plugin Takes
LogPluginManager: Mounting plugin ContentBrowserAssetDataSource
LogPluginManager: Mounting plugin ContentBrowserClassDataSource
LogPluginManager: Mounting plugin ContentBrowserFileDataSource
LogPluginManager: Mounting plugin OnlineSubsystemGooglePlay
LogPluginManager: Mounting plugin OnlineSubsystemIOS
LogPluginManager: Mounting plugin OculusVR
LogPluginManager: Mounting plugin SteamShared
LogPluginManager: Mounting plugin SteamVR
LogPluginManager: Mounting plugin AdvancedSessions
LogPluginManager: Mounting plugin AdvancedSteamSessions
PixWinPlugin: PIX capture plugin failed to initialize! Check that the process is launched from PIX.
LogInit: Using libcurl 7.55.1-DEV
LogInit:  - built for x86_64-pc-win32
LogInit:  - supports SSL with OpenSSL/1.1.1
LogInit:  - supports HTTP deflate (compression) using libz 1.2.8
LogInit:  - other features:
LogInit:      CURL_VERSION_SSL
LogInit:      CURL_VERSION_LIBZ
LogInit:      CURL_VERSION_IPV6
LogInit:      CURL_VERSION_ASYNCHDNS
LogInit:      CURL_VERSION_LARGEFILE
LogInit:      CURL_VERSION_IDN
LogInit:  CurlRequestOptions (configurable via config and command line):
LogInit:  - bVerifyPeer = true  - Libcurl will verify peer certificate
LogInit:  - bUseHttpProxy = false  - Libcurl will NOT use HTTP proxy
LogInit:  - bDontReuseConnections = false  - Libcurl will reuse connections
LogInit:  - MaxHostConnections = 16  - Libcurl will limit the number of connections to a host
LogInit:  - LocalHostAddr = Default
LogInit:  - BufferSize = 65536
LogOnline: OSS: Creating online subsystem instance for: NULL
LogInit: WinSock: version 1.1 (2.2), MaxSocks=32767, MaxUdp=65467
LogOnline: OSS: TryLoadSubsystemAndSetDefault: Loaded subsystem for module [NULL]
LogInit: Build: ++UE4+Release-4.27-CL-17735300
LogInit: Engine Version: 4.27.1-17735300+++UE4+Release-4.27
LogInit: Compatible Engine Version: 4.27.0-17155196+++UE4+Release-4.27
LogInit: Net CL: 17155196
LogInit: OS: Windows 10 (Release 2009) (), CPU: AMD Ryzen 9 3950X 16-Core Processor            , GPU: NVIDIA GeForce RTX 3070 Ti
LogInit: Compiled (64-bit): Oct  6 2021 14:42:51
LogInit: Compiled with Visual C++: 19.24.28315.00
LogInit: Build Configuration: Development
LogInit: Branch Name: ++UE4+Release-4.27
LogInit: Command Line:  /Game/VehicleAdvBP/Maps/VehicleAdvExampleMap -game -PIEVIACONSOLE -Multiprocess -server -log GameUserSettingsINI=C:/Users/niwel/Documents/GitHub/CooperativeSpaceMission/SpaceMission/Saved/Config/Windows/PIEGameUserSettings0.ini -MultiprocessSaveConfig -forcepassthrough -messaging -SessionName="Play in Standalone Game" -port=17777 -windowed
LogInit: Base Directory: D:/GameEpic/UE_4.27/Engine/Binaries/Win64/
LogInit: Allocator: TBB
LogInit: Installed Engine Build: 1
LogDevObjectVersion: Number of dev versions registered: 29
LogDevObjectVersion:   Dev-Blueprints (B0D832E4-1F89-4F0D-ACCF-7EB736FD4AA2): 10
LogDevObjectVersion:   Dev-Build (E1C64328-A22C-4D53-A36C-8E866417BD8C): 0
LogDevObjectVersion:   Dev-Core (375EC13C-06E4-48FB-B500-84F0262A717E): 4
LogDevObjectVersion:   Dev-Editor (E4B068ED-F494-42E9-A231-DA0B2E46BB41): 40
LogDevObjectVersion:   Dev-Framework (CFFC743F-43B0-4480-9391-14DF171D2073): 37
LogDevObjectVersion:   Dev-Mobile (B02B49B5-BB20-44E9-A304-32B752E40360): 3
LogDevObjectVersion:   Dev-Networking (A4E4105C-59A1-49B5-A7C5-40C4547EDFEE): 0
LogDevObjectVersion:   Dev-Online (39C831C9-5AE6-47DC-9A44-9C173E1C8E7C): 0
LogDevObjectVersion:   Dev-Physics (78F01B33-EBEA-4F98-B9B4-84EACCB95AA2): 14
LogDevObjectVersion:   Dev-Platform (6631380F-2D4D-43E0-8009-CF276956A95A): 0
LogDevObjectVersion:   Dev-Rendering (12F88B9F-8875-4AFC-A67C-D90C383ABD29): 45
LogDevObjectVersion:   Dev-Sequencer (7B5AE74C-D270-4C10-A958-57980B212A5A): 13
LogDevObjectVersion:   Dev-VR (D7296918-1DD6-4BDD-9DE2-64A83CC13884): 3
LogDevObjectVersion:   Dev-LoadTimes (C2A15278-BFE7-4AFE-6C17-90FF531DF755): 1
LogDevObjectVersion:   Private-Geometry (6EACA3D4-40EC-4CC1-B786-8BED09428FC5): 3
LogDevObjectVersion:   Dev-AnimPhys (29E575DD-E0A3-4627-9D10-D276232CDCEA): 17
LogDevObjectVersion:   Dev-Anim (AF43A65D-7FD3-4947-9873-3E8ED9C1BB05): 15
LogDevObjectVersion:   Dev-ReflectionCapture (6B266CEC-1EC7-4B8F-A30B-E4D90942FC07): 1
LogDevObjectVersion:   Dev-Automation (0DF73D61-A23F-47EA-B727-89E90C41499A): 1
LogDevObjectVersion:   FortniteMain (601D1886-AC64-4F84-AA16-D3DE0DEAC7D6): 47
LogDevObjectVersion:   FortniteRelease (E7086368-6B23-4C58-8439-1B7016265E91): 1
LogDevObjectVersion:   Dev-Enterprise (9DFFBCD6-494F-0158-E221-12823C92A888): 10
LogDevObjectVersion:   Dev-Niagara (F2AED0AC-9AFE-416F-8664-AA7FFA26D6FC): 1
LogDevObjectVersion:   Dev-Destruction (174F1F0B-B4C6-45A5-B13F-2EE8D0FB917D): 10
LogDevObjectVersion:   Dev-Physics-Ext (35F94A83-E258-406C-A318-09F59610247C): 41
LogDevObjectVersion:   Dev-PhysicsMaterial-Chaos (B68FC16E-8B1B-42E2-B453-215C058844FE): 1
LogDevObjectVersion:   Dev-CineCamera (B2E18506-4273-CFC2-A54E-F4BB758BBA07): 1
LogDevObjectVersion:   Dev-VirtualProduction (64F58936-FD1B-42BA-BA96-7289D5D0FA4E): 1
LogDevObjectVersion:   Dev-MediaFramework (6F0ED827-A609-4895-9C91-998D90180EA4): 2
LogInit: Presizing for max 25165824 objects, including 0 objects not considered by GC, pre-allocating 0 bytes for permanent pool.
LogConfig: Applying CVar settings from Section [/Script/Engine.StreamingSettings] File [C:/Users/niwel/Documents/GitHub/CooperativeSpaceMission/SpaceMission/Saved/Config/Windows/Engine.ini]
LogConfig: Setting CVar [[s.MinBulkDataSizeForAsyncLoading:131072]]
LogConfig: Setting CVar [[s.AsyncLoadingThreadEnabled:0]]
LogConfig: Setting CVar [[s.EventDrivenLoaderEnabled:1]]
LogConfig: Setting CVar [[s.WarnIfTimeLimitExceeded:0]]
LogConfig: Setting CVar [[s.TimeLimitExceededMultiplier:1.5]]
LogConfig: Setting CVar [[s.TimeLimitExceededMinTime:0.005]]
LogConfig: Setting CVar [[s.UseBackgroundLevelStreaming:1]]
LogConfig: Setting CVar [[s.PriorityAsyncLoadingExtraTime:15.0]]
LogConfig: Setting CVar [[s.LevelStreamingActorsUpdateTimeLimit:5.0]]
LogConfig: Setting CVar [[s.PriorityLevelStreamingActorsUpdateExtraTime:5.0]]
LogConfig: Setting CVar [[s.LevelStreamingComponentsRegistrationGranularity:10]]
LogConfig: Setting CVar [[s.UnregisterComponentsTimeLimit:1.0]]
LogConfig: Setting CVar [[s.LevelStreamingComponentsUnregistrationGranularity:5]]
LogConfig: Setting CVar [[s.FlushStreamingOnExit:1]]
LogInit: Object subsystem initialized
LogConfig: Setting CVar [[con.DebugEarlyDefault:1]]
LogConfig: Setting CVar [[r.setres:1280x720]]
[2021.12.01-15.06.19:480][  0]LogConfig: Setting CVar [[con.DebugEarlyDefault:1]]
[2021.12.01-15.06.19:481][  0]LogConfig: Setting CVar [[r.setres:1280x720]]
[2021.12.01-15.06.19:481][  0]LogConfig: Applying CVar settings from Section [/Script/Engine.RendererSettings] File [C:/Users/niwel/Documents/GitHub/CooperativeSpaceMission/SpaceMission/Saved/Config/Windows/Engine.ini]
[2021.12.01-15.06.19:482][  0]LogConfig: Setting CVar [[r.GPUCrashDebugging:0]]
[2021.12.01-15.06.19:482][  0]LogConfig: Applying CVar settings from Section [/Script/Engine.RendererOverrideSettings] File [C:/Users/niwel/Documents/GitHub/CooperativeSpaceMission/SpaceMission/Saved/Config/Windows/Engine.ini]
[2021.12.01-15.06.19:482][  0]LogConfig: Applying CVar settings from Section [/Script/Engine.StreamingSettings] File [C:/Users/niwel/Documents/GitHub/CooperativeSpaceMission/SpaceMission/Saved/Config/Windows/Engine.ini]
[2021.12.01-15.06.19:483][  0]LogConfig: Setting CVar [[s.MinBulkDataSizeForAsyncLoading:131072]]
[2021.12.01-15.06.19:483][  0]LogConfig: Setting CVar [[s.AsyncLoadingThreadEnabled:0]]
[2021.12.01-15.06.19:484][  0]LogConfig: Setting CVar [[s.EventDrivenLoaderEnabled:1]]
[2021.12.01-15.06.19:484][  0]LogConfig: Setting CVar [[s.WarnIfTimeLimitExceeded:0]]
[2021.12.01-15.06.19:484][  0]LogConfig: Setting CVar [[s.TimeLimitExceededMultiplier:1.5]]
[2021.12.01-15.06.19:485][  0]LogConfig: Setting CVar [[s.TimeLimitExceededMinTime:0.005]]
[2021.12.01-15.06.19:485][  0]LogConfig: Setting CVar [[s.UseBackgroundLevelStreaming:1]]
[2021.12.01-15.06.19:486][  0]LogConfig: Setting CVar [[s.PriorityAsyncLoadingExtraTime:15.0]]
[2021.12.01-15.06.19:486][  0]LogConfig: Setting CVar [[s.LevelStreamingActorsUpdateTimeLimit:5.0]]
[2021.12.01-15.06.19:486][  0]LogConfig: Setting CVar [[s.PriorityLevelStreamingActorsUpdateExtraTime:5.0]]
[2021.12.01-15.06.19:487][  0]LogConfig: Setting CVar [[s.LevelStreamingComponentsRegistrationGranularity:10]]
[2021.12.01-15.06.19:488][  0]LogConfig: Setting CVar [[s.UnregisterComponentsTimeLimit:1.0]]
[2021.12.01-15.06.19:489][  0]LogConfig: Setting CVar [[s.LevelStreamingComponentsUnregistrationGranularity:5]]
[2021.12.01-15.06.19:489][  0]LogConfig: Setting CVar [[s.FlushStreamingOnExit:1]]
[2021.12.01-15.06.19:489][  0]LogConfig: Applying CVar settings from Section [/Script/Engine.GarbageCollectionSettings] File [C:/Users/niwel/Documents/GitHub/CooperativeSpaceMission/SpaceMission/Saved/Config/Windows/Engine.ini]
[2021.12.01-15.06.19:490][  0]LogConfig: Setting CVar [[gc.MaxObjectsNotConsideredByGC:1]]
[2021.12.01-15.06.19:490][  0]LogConfig: Setting CVar [[gc.SizeOfPermanentObjectPool:0]]
[2021.12.01-15.06.19:491][  0]LogConfig: Setting CVar [[gc.FlushStreamingOnGC:0]]
[2021.12.01-15.06.19:491][  0]LogConfig: Setting CVar [[gc.NumRetriesBeforeForcingGC:10]]
[2021.12.01-15.06.19:492][  0]LogConfig: Setting CVar [[gc.AllowParallelGC:1]]
[2021.12.01-15.06.19:492][  0]LogConfig: Setting CVar [[gc.TimeBetweenPurgingPendingKillObjects:61.1]]
[2021.12.01-15.06.19:492][  0]LogConfig: Setting CVar [[gc.MaxObjectsInEditor:25165824]]
[2021.12.01-15.06.19:493][  0]LogConfig: Setting CVar [[gc.IncrementalBeginDestroyEnabled:1]]
[2021.12.01-15.06.19:493][  0]LogConfig: Setting CVar [[gc.CreateGCClusters:1]]
[2021.12.01-15.06.19:494][  0]LogConfig: Setting CVar [[gc.MinGCClusterSize:5]]
[2021.12.01-15.06.19:494][  0]LogConfig: Setting CVar [[gc.ActorClusteringEnabled:0]]
[2021.12.01-15.06.19:495][  0]LogConfig: Setting CVar [[gc.BlueprintClusteringEnabled:0]]
[2021.12.01-15.06.19:495][  0]LogConfig: Setting CVar [[gc.UseDisregardForGCOnDedicatedServers:0]]
[2021.12.01-15.06.19:495][  0]LogConfig: Setting CVar [[gc.MultithreadedDestructionEnabled:1]]
[2021.12.01-15.06.19:496][  0]LogConfig: Applying CVar settings from Section [/Script/Engine.NetworkSettings] File [C:/Users/niwel/Documents/GitHub/CooperativeSpaceMission/SpaceMission/Saved/Config/Windows/Engine.ini]
[2021.12.01-15.06.19:496][  0]LogConfig: Applying CVar settings from Section [/Script/UnrealEd.CookerSettings] File [C:/Users/niwel/Documents/GitHub/CooperativeSpaceMission/SpaceMission/Saved/Config/Windows/Engine.ini]
[2021.12.01-15.06.19:497][  0]LogConfig: Applying CVar settings from Section [ViewDistanceQuality@3] File [C:/Users/niwel/Documents/GitHub/CooperativeSpaceMission/SpaceMission/Saved/Config/Windows/Scalability.ini]
[2021.12.01-15.06.19:497][  0]LogConfig: Setting CVar [[r.SkeletalMeshLODBias:0]]
[2021.12.01-15.06.19:497][  0]LogConfig: Setting CVar [[r.ViewDistanceScale:1.0]]
[2021.12.01-15.06.19:498][  0]LogConfig: Applying CVar settings from Section [AntiAliasingQuality@3] File [C:/Users/niwel/Documents/GitHub/CooperativeSpaceMission/SpaceMission/Saved/Config/Windows/Scalability.ini]
[2021.12.01-15.06.19:498][  0]LogConfig: Setting CVar [[r.PostProcessAAQuality:4]]
[2021.12.01-15.06.19:499][  0]LogConfig: Applying CVar settings from Section [ShadowQuality@3] File [C:/Users/niwel/Documents/GitHub/CooperativeSpaceMission/SpaceMission/Saved/Config/Windows/Scalability.ini]
[2021.12.01-15.06.19:499][  0]LogConfig: Setting CVar [[r.LightFunctionQuality:1]]
[2021.12.01-15.06.19:500][  0]LogConfig: Setting CVar [[r.ShadowQuality:5]]
[2021.12.01-15.06.19:500][  0]LogConfig: Setting CVar [[r.Shadow.CSM.MaxCascades:10]]
[2021.12.01-15.06.19:500][  0]LogConfig: Setting CVar [[r.Shadow.MaxResolution:2048]]
[2021.12.01-15.06.19:500][  0]LogConfig: Setting CVar [[r.Shadow.MaxCSMResolution:2048]]
[2021.12.01-15.06.19:501][  0]LogConfig: Setting CVar [[r.Shadow.RadiusThreshold:0.01]]
[2021.12.01-15.06.19:501][  0]LogConfig: Setting CVar [[r.Shadow.DistanceScale:1.0]]
[2021.12.01-15.06.19:501][  0]LogConfig: Setting CVar [[r.Shadow.CSM.TransitionScale:1.0]]
[2021.12.01-15.06.19:502][  0]LogConfig: Setting CVar [[r.Shadow.PreShadowResolutionFactor:1.0]]
[2021.12.01-15.06.19:502][  0]LogConfig: Setting CVar [[r.DistanceFieldShadowing:1]]
[2021.12.01-15.06.19:503][  0]LogConfig: Setting CVar [[r.DistanceFieldAO:1]]
[2021.12.01-15.06.19:504][  0]LogConfig: Setting CVar [[r.AOQuality:2]]
[2021.12.01-15.06.19:505][  0]LogConfig: Setting CVar [[r.VolumetricFog:1]]
[2021.12.01-15.06.19:505][  0]LogConfig: Setting CVar [[r.VolumetricFog.GridPixelSize:8]]
[2021.12.01-15.06.19:506][  0]LogConfig: Setting CVar [[r.VolumetricFog.GridSizeZ:128]]
[2021.12.01-15.06.19:506][  0]LogConfig: Setting CVar [[r.VolumetricFog.HistoryMissSupersampleCount:4]]
[2021.12.01-15.06.19:507][  0]LogConfig: Setting CVar [[r.LightMaxDrawDistanceScale:1]]
[2021.12.01-15.06.19:507][  0]LogConfig: Setting CVar [[r.CapsuleShadows:1]]
[2021.12.01-15.06.19:507][  0]LogConfig: Applying CVar settings from Section [PostProcessQuality@3] File [C:/Users/niwel/Documents/GitHub/CooperativeSpaceMission/SpaceMission/Saved/Config/Windows/Scalability.ini]
[2021.12.01-15.06.19:508][  0]LogConfig: Setting CVar [[r.MotionBlurQuality:4]]
[2021.12.01-15.06.19:508][  0]LogConfig: Setting CVar [[r.AmbientOcclusionMipLevelFactor:0.4]]
[2021.12.01-15.06.19:509][  0]LogConfig: Setting CVar [[r.AmbientOcclusionMaxQuality:100]]
[2021.12.01-15.06.19:510][  0]LogConfig: Setting CVar [[r.AmbientOcclusionLevels:-1]]
[2021.12.01-15.06.19:510][  0]LogConfig: Setting CVar [[r.AmbientOcclusionRadiusScale:1.0]]
[2021.12.01-15.06.19:511][  0]LogConfig: Setting CVar [[r.DepthOfFieldQuality:2]]
[2021.12.01-15.06.19:511][  0]LogConfig: Setting CVar [[r.RenderTargetPoolMin:400]]
[2021.12.01-15.06.19:511][  0]LogConfig: Setting CVar [[r.LensFlareQuality:2]]
[2021.12.01-15.06.19:512][  0]LogConfig: Setting CVar [[r.SceneColorFringeQuality:1]]
[2021.12.01-15.06.19:512][  0]LogConfig: Setting CVar [[r.EyeAdaptationQuality:2]]
[2021.12.01-15.06.19:513][  0]LogConfig: Setting CVar [[r.BloomQuality:5]]
[2021.12.01-15.06.19:513][  0]LogConfig: Setting CVar [[r.FastBlurThreshold:100]]
[2021.12.01-15.06.19:514][  0]LogConfig: Setting CVar [[r.Upscale.Quality:3]]
[2021.12.01-15.06.19:514][  0]LogConfig: Setting CVar [[r.Tonemapper.GrainQuantization:1]]
[2021.12.01-15.06.19:514][  0]LogConfig: Setting CVar [[r.LightShaftQuality:1]]
[2021.12.01-15.06.19:515][  0]LogConfig: Setting CVar [[r.Filter.SizeScale:1]]
[2021.12.01-15.06.19:515][  0]LogConfig: Setting CVar [[r.Tonemapper.Quality:5]]
[2021.12.01-15.06.19:516][  0]LogConfig: Setting CVar [[r.DOF.Gather.AccumulatorQuality:1        ; higher gathering accumulator quality]]
[2021.12.01-15.06.19:516][  0]LogConfig: Setting CVar [[r.DOF.Gather.PostfilterMethod:1          ; Median3x3 postfilering method]]
[2021.12.01-15.06.19:516][  0]LogConfig: Setting CVar [[r.DOF.Gather.EnableBokehSettings:0       ; no bokeh simulation when gathering]]
[2021.12.01-15.06.19:517][  0]LogConfig: Setting CVar [[r.DOF.Gather.RingCount:4                 ; medium number of samples when gathering]]
[2021.12.01-15.06.19:517][  0]LogConfig: Setting CVar [[r.DOF.Scatter.ForegroundCompositing:1    ; additive foreground scattering]]
[2021.12.01-15.06.19:518][  0]LogConfig: Setting CVar [[r.DOF.Scatter.BackgroundCompositing:2    ; additive background scattering]]
[2021.12.01-15.06.19:518][  0]LogConfig: Setting CVar [[r.DOF.Scatter.EnableBokehSettings:1      ; bokeh simulation when scattering]]
[2021.12.01-15.06.19:518][  0]LogConfig: Setting CVar [[r.DOF.Scatter.MaxSpriteRatio:0.1         ; only a maximum of 10% of scattered bokeh]]
[2021.12.01-15.06.19:519][  0]LogConfig: Setting CVar [[r.DOF.Recombine.Quality:1                ; cheap slight out of focus]]
[2021.12.01-15.06.19:521][  0]LogConfig: Setting CVar [[r.DOF.Recombine.EnableBokehSettings:0    ; no bokeh simulation on slight out of focus]]
[2021.12.01-15.06.19:521][  0]LogConfig: Setting CVar [[r.DOF.TemporalAAQuality:1                ; more stable temporal accumulation]]
[2021.12.01-15.06.19:521][  0]LogConfig: Setting CVar [[r.DOF.Kernel.MaxForegroundRadius:0.025]]
[2021.12.01-15.06.19:522][  0]LogConfig: Setting CVar [[r.DOF.Kernel.MaxBackgroundRadius:0.025]]
[2021.12.01-15.06.19:522][  0]LogConfig: Applying CVar settings from Section [TextureQuality@3] File [C:/Users/niwel/Documents/GitHub/CooperativeSpaceMission/SpaceMission/Saved/Config/Windows/Scalability.ini]
[2021.12.01-15.06.19:523][  0]LogConfig: Setting CVar [[r.Streaming.MipBias:0]]
[2021.12.01-15.06.19:523][  0]LogConfig: Setting CVar [[r.Streaming.AmortizeCPUToGPUCopy:0]]
[2021.12.01-15.06.19:524][  0]LogConfig: Setting CVar [[r.Streaming.MaxNumTexturesToStreamPerFrame:0]]
[2021.12.01-15.06.19:524][  0]LogConfig: Setting CVar [[r.Streaming.Boost:1]]
[2021.12.01-15.06.19:524][  0]LogConfig: Setting CVar [[r.MaxAnisotropy:8]]
[2021.12.01-15.06.19:525][  0]LogConfig: Setting CVar [[r.VT.MaxAnisotropy:8]]
[2021.12.01-15.06.19:525][  0]LogConfig: Setting CVar [[r.Streaming.LimitPoolSizeToVRAM:0]]
[2021.12.01-15.06.19:526][  0]LogConfig: Setting CVar [[r.Streaming.PoolSize:1000]]
[2021.12.01-15.06.19:527][  0]LogConfig: Setting CVar [[r.Streaming.MaxEffectiveScreenSize:0]]
[2021.12.01-15.06.19:528][  0]LogConfig: Applying CVar settings from Section [EffectsQuality@3] File [C:/Users/niwel/Documents/GitHub/CooperativeSpaceMission/SpaceMission/Saved/Config/Windows/Scalability.ini]
[2021.12.01-15.06.19:528][  0]LogConfig: Setting CVar [[r.TranslucencyLightingVolumeDim:64]]
[2021.12.01-15.06.19:529][  0]LogConfig: Setting CVar [[r.RefractionQuality:2]]
[2021.12.01-15.06.19:530][  0]LogConfig: Setting CVar [[r.SSR.Quality:3]]
[2021.12.01-15.06.19:530][  0]LogConfig: Setting CVar [[r.SSR.HalfResSceneColor:0]]
[2021.12.01-15.06.19:531][  0]LogConfig: Setting CVar [[r.SceneColorFormat:4]]
[2021.12.01-15.06.19:531][  0]LogConfig: Setting CVar [[r.DetailMode:2]]
[2021.12.01-15.06.19:532][  0]LogConfig: Setting CVar [[r.TranslucencyVolumeBlur:1]]
[2021.12.01-15.06.19:532][  0]LogConfig: Setting CVar [[r.MaterialQualityLevel:1 ; High quality]]
[2021.12.01-15.06.19:533][  0]LogConfig: Setting CVar [[r.AnisotropicMaterials:1]]
[2021.12.01-15.06.19:533][  0]LogConfig: Setting CVar [[r.SSS.Scale:1]]
[2021.12.01-15.06.19:533][  0]LogConfig: Setting CVar [[r.SSS.SampleSet:2]]
[2021.12.01-15.06.19:534][  0]LogConfig: Setting CVar [[r.SSS.Quality:1]]
[2021.12.01-15.06.19:534][  0]LogConfig: Setting CVar [[r.SSS.HalfRes:0]]
[2021.12.01-15.06.19:535][  0]LogConfig: Setting CVar [[r.SSGI.Quality:3]]
[2021.12.01-15.06.19:536][  0]LogConfig: Setting CVar [[r.EmitterSpawnRateScale:1.0]]
[2021.12.01-15.06.19:537][  0]LogConfig: Setting CVar [[r.ParticleLightQuality:2]]
[2021.12.01-15.06.19:537][  0]LogConfig: Setting CVar [[r.SkyAtmosphere.AerialPerspectiveLUT.FastApplyOnOpaque:1 ; Always have FastSkyLUT 1 in this case to avoid wrong sky]]
[2021.12.01-15.06.19:537][  0]LogConfig: Setting CVar [[r.SkyAtmosphere.AerialPerspectiveLUT.SampleCountMaxPerSlice:4]]
[2021.12.01-15.06.19:538][  0]LogConfig: Setting CVar [[r.SkyAtmosphere.AerialPerspectiveLUT.DepthResolution:16.0]]
[2021.12.01-15.06.19:538][  0]LogConfig: Setting CVar [[r.SkyAtmosphere.FastSkyLUT:1]]
[2021.12.01-15.06.19:539][  0]LogConfig: Setting CVar [[r.SkyAtmosphere.FastSkyLUT.SampleCountMin:4.0]]
[2021.12.01-15.06.19:539][  0]LogConfig: Setting CVar [[r.SkyAtmosphere.FastSkyLUT.SampleCountMax:128.0]]
[2021.12.01-15.06.19:539][  0]LogConfig: Setting CVar [[r.SkyAtmosphere.SampleCountMin:4.0]]
[2021.12.01-15.06.19:540][  0]LogConfig: Setting CVar [[r.SkyAtmosphere.SampleCountMax:128.0]]
[2021.12.01-15.06.19:540][  0]LogConfig: Setting CVar [[r.SkyAtmosphere.TransmittanceLUT.UseSmallFormat:0]]
[2021.12.01-15.06.19:541][  0]LogConfig: Setting CVar [[r.SkyAtmosphere.TransmittanceLUT.SampleCount:10.0]]
[2021.12.01-15.06.19:541][  0]LogConfig: Setting CVar [[r.SkyAtmosphere.MultiScatteringLUT.SampleCount:15.0]]
[2021.12.01-15.06.19:542][  0]LogConfig: Setting CVar [[r.SkyLight.RealTimeReflectionCapture:1]]
[2021.12.01-15.06.19:542][  0]LogConfig: Applying CVar settings from Section [FoliageQuality@3] File [C:/Users/niwel/Documents/GitHub/CooperativeSpaceMission/SpaceMission/Saved/Config/Windows/Scalability.ini]
[2021.12.01-15.06.19:542][  0]LogConfig: Setting CVar [[foliage.DensityScale:1.0]]
[2021.12.01-15.06.19:543][  0]LogConfig: Setting CVar [[grass.DensityScale:1.0]]
[2021.12.01-15.06.19:543][  0]LogConfig: Applying CVar settings from Section [ShadingQuality@3] File [C:/Users/niwel/Documents/GitHub/CooperativeSpaceMission/SpaceMission/Saved/Config/Windows/Scalability.ini]
[2021.12.01-15.06.19:544][  0]LogConfig: Setting CVar [[r.HairStrands.SkyLighting.IntegrationType:2]]
[2021.12.01-15.06.19:544][  0]LogConfig: Setting CVar [[r.HairStrands.SkyAO.SampleCount:4]]
[2021.12.01-15.06.19:545][  0]LogConfig: Setting CVar [[r.HairStrands.Visibility.MSAA.SamplePerPixel:4]]
[2021.12.01-15.06.19:545][  0]LogInit: Selected Device Profile: [Windows]
[2021.12.01-15.06.19:545][  0]LogInit: Applying CVar settings loaded from the selected device profile: [Windows]
[2021.12.01-15.06.19:546][  0]LogHAL: Display: Platform has ~ 64 GB [68640870400 / 68719476736 / 64], which maps to Largest [LargestMinGB=32, LargerMinGB=12, DefaultMinGB=8, SmallerMinGB=6, SmallestMinGB=0)
[2021.12.01-15.06.19:546][  0]LogInit: Going up to parent DeviceProfile []
[2021.12.01-15.06.19:546][  0]LogConfig: Applying CVar settings from Section [ViewDistanceQuality@3] File [C:/Users/niwel/Documents/GitHub/CooperativeSpaceMission/SpaceMission/Saved/Config/Windows/Scalability.ini]
[2021.12.01-15.06.19:547][  0]LogConfig: Setting CVar [[r.SkeletalMeshLODBias:0]]
[2021.12.01-15.06.19:547][  0]LogConfig: Setting CVar [[r.ViewDistanceScale:1.0]]
[2021.12.01-15.06.19:548][  0]LogConfig: Applying CVar settings from Section [AntiAliasingQuality@3] File [C:/Users/niwel/Documents/GitHub/CooperativeSpaceMission/SpaceMission/Saved/Config/Windows/Scalability.ini]
[2021.12.01-15.06.19:548][  0]LogConfig: Setting CVar [[r.PostProcessAAQuality:4]]
[2021.12.01-15.06.19:548][  0]LogConfig: Applying CVar settings from Section [ShadowQuality@3] File [C:/Users/niwel/Documents/GitHub/CooperativeSpaceMission/SpaceMission/Saved/Config/Windows/Scalability.ini]
[2021.12.01-15.06.19:549][  0]LogConfig: Setting CVar [[r.LightFunctionQuality:1]]
[2021.12.01-15.06.19:549][  0]LogConfig: Setting CVar [[r.ShadowQuality:5]]
[2021.12.01-15.06.19:549][  0]LogConfig: Setting CVar [[r.Shadow.CSM.MaxCascades:10]]
[2021.12.01-15.06.19:550][  0]LogConfig: Setting CVar [[r.Shadow.MaxResolution:2048]]
[2021.12.01-15.06.19:550][  0]LogConfig: Setting CVar [[r.Shadow.MaxCSMResolution:2048]]
[2021.12.01-15.06.19:551][  0]LogConfig: Setting CVar [[r.Shadow.RadiusThreshold:0.01]]
[2021.12.01-15.06.19:552][  0]LogConfig: Setting CVar [[r.Shadow.DistanceScale:1.0]]
[2021.12.01-15.06.19:553][  0]LogConfig: Setting CVar [[r.Shadow.CSM.TransitionScale:1.0]]
[2021.12.01-15.06.19:553][  0]LogConfig: Setting CVar [[r.Shadow.PreShadowResolutionFactor:1.0]]
[2021.12.01-15.06.19:553][  0]LogConfig: Setting CVar [[r.DistanceFieldShadowing:1]]
[2021.12.01-15.06.19:554][  0]LogConfig: Setting CVar [[r.DistanceFieldAO:1]]
[2021.12.01-15.06.19:554][  0]LogConfig: Setting CVar [[r.AOQuality:2]]
[2021.12.01-15.06.19:555][  0]LogConfig: Setting CVar [[r.VolumetricFog:1]]
[2021.12.01-15.06.19:556][  0]LogConfig: Setting CVar [[r.VolumetricFog.GridPixelSize:8]]
[2021.12.01-15.06.19:556][  0]LogConfig: Setting CVar [[r.VolumetricFog.GridSizeZ:128]]
[2021.12.01-15.06.19:557][  0]LogConfig: Setting CVar [[r.VolumetricFog.HistoryMissSupersampleCount:4]]
[2021.12.01-15.06.19:557][  0]LogConfig: Setting CVar [[r.LightMaxDrawDistanceScale:1]]
[2021.12.01-15.06.19:558][  0]LogConfig: Setting CVar [[r.CapsuleShadows:1]]
[2021.12.01-15.06.19:558][  0]LogConfig: Applying CVar settings from Section [PostProcessQuality@3] File [C:/Users/niwel/Documents/GitHub/CooperativeSpaceMission/SpaceMission/Saved/Config/Windows/Scalability.ini]
[2021.12.01-15.06.19:558][  0]LogConfig: Setting CVar [[r.MotionBlurQuality:4]]
[2021.12.01-15.06.19:559][  0]LogConfig: Setting CVar [[r.AmbientOcclusionMipLevelFactor:0.4]]
[2021.12.01-15.06.19:559][  0]LogConfig: Setting CVar [[r.AmbientOcclusionMaxQuality:100]]
[2021.12.01-15.06.19:560][  0]LogConfig: Setting CVar [[r.AmbientOcclusionLevels:-1]]
[2021.12.01-15.06.19:560][  0]LogConfig: Setting CVar [[r.AmbientOcclusionRadiusScale:1.0]]
[2021.12.01-15.06.19:561][  0]LogConfig: Setting CVar [[r.DepthOfFieldQuality:2]]
[2021.12.01-15.06.19:561][  0]LogConfig: Setting CVar [[r.RenderTargetPoolMin:400]]
[2021.12.01-15.06.19:562][  0]LogConfig: Setting CVar [[r.LensFlareQuality:2]]
[2021.12.01-15.06.19:562][  0]LogConfig: Setting CVar [[r.SceneColorFringeQuality:1]]
[2021.12.01-15.06.19:562][  0]LogConfig: Setting CVar [[r.EyeAdaptationQuality:2]]
[2021.12.01-15.06.19:563][  0]LogConfig: Setting CVar [[r.BloomQuality:5]]
[2021.12.01-15.06.19:563][  0]LogConfig: Setting CVar [[r.FastBlurThreshold:100]]
[2021.12.01-15.06.19:564][  0]LogConfig: Setting CVar [[r.Upscale.Quality:3]]
[2021.12.01-15.06.19:564][  0]LogConfig: Setting CVar [[r.Tonemapper.GrainQuantization:1]]
[2021.12.01-15.06.19:565][  0]LogConfig: Setting CVar [[r.LightShaftQuality:1]]
[2021.12.01-15.06.19:566][  0]LogConfig: Setting CVar [[r.Filter.SizeScale:1]]
[2021.12.01-15.06.19:566][  0]LogConfig: Setting CVar [[r.Tonemapper.Quality:5]]
[2021.12.01-15.06.19:566][  0]LogConfig: Setting CVar [[r.DOF.Gather.AccumulatorQuality:1        ; higher gathering accumulator quality]]
[2021.12.01-15.06.19:567][  0]LogConfig: Setting CVar [[r.DOF.Gather.PostfilterMethod:1          ; Median3x3 postfilering method]]
[2021.12.01-15.06.19:569][  0]LogConfig: Setting CVar [[r.DOF.Gather.EnableBokehSettings:0       ; no bokeh simulation when gathering]]
[2021.12.01-15.06.19:569][  0]LogConfig: Setting CVar [[r.DOF.Gather.RingCount:4                 ; medium number of samples when gathering]]
[2021.12.01-15.06.19:569][  0]LogConfig: Setting CVar [[r.DOF.Scatter.ForegroundCompositing:1    ; additive foreground scattering]]
[2021.12.01-15.06.19:570][  0]LogConfig: Setting CVar [[r.DOF.Scatter.BackgroundCompositing:2    ; additive background scattering]]
[2021.12.01-15.06.19:570][  0]LogConfig: Setting CVar [[r.DOF.Scatter.EnableBokehSettings:1      ; bokeh simulation when scattering]]
[2021.12.01-15.06.19:571][  0]LogConfig: Setting CVar [[r.DOF.Scatter.MaxSpriteRatio:0.1         ; only a maximum of 10% of scattered bokeh]]
[2021.12.01-15.06.19:571][  0]LogConfig: Setting CVar [[r.DOF.Recombine.Quality:1                ; cheap slight out of focus]]
[2021.12.01-15.06.19:572][  0]LogConfig: Setting CVar [[r.DOF.Recombine.EnableBokehSettings:0    ; no bokeh simulation on slight out of focus]]
[2021.12.01-15.06.19:572][  0]LogConfig: Setting CVar [[r.DOF.TemporalAAQuality:1                ; more stable temporal accumulation]]
[2021.12.01-15.06.19:572][  0]LogConfig: Setting CVar [[r.DOF.Kernel.MaxForegroundRadius:0.025]]
[2021.12.01-15.06.19:573][  0]LogConfig: Setting CVar [[r.DOF.Kernel.MaxBackgroundRadius:0.025]]
[2021.12.01-15.06.19:573][  0]LogConfig: Applying CVar settings from Section [TextureQuality@3] File [C:/Users/niwel/Documents/GitHub/CooperativeSpaceMission/SpaceMission/Saved/Config/Windows/Scalability.ini]
[2021.12.01-15.06.19:574][  0]LogConfig: Setting CVar [[r.Streaming.MipBias:0]]
[2021.12.01-15.06.19:574][  0]LogConfig: Setting CVar [[r.Streaming.AmortizeCPUToGPUCopy:0]]
[2021.12.01-15.06.19:575][  0]LogConfig: Setting CVar [[r.Streaming.MaxNumTexturesToStreamPerFrame:0]]
[2021.12.01-15.06.19:575][  0]LogConfig: Setting CVar [[r.Streaming.Boost:1]]
[2021.12.01-15.06.19:575][  0]LogConfig: Setting CVar [[r.MaxAnisotropy:8]]
[2021.12.01-15.06.19:576][  0]LogConfig: Setting CVar [[r.VT.MaxAnisotropy:8]]
[2021.12.01-15.06.19:577][  0]LogConfig: Setting CVar [[r.Streaming.LimitPoolSizeToVRAM:0]]
[2021.12.01-15.06.19:577][  0]LogConfig: Setting CVar [[r.Streaming.PoolSize:1000]]
[2021.12.01-15.06.19:578][  0]LogConfig: Setting CVar [[r.Streaming.MaxEffectiveScreenSize:0]]
[2021.12.01-15.06.19:578][  0]LogConfig: Applying CVar settings from Section [EffectsQuality@3] File [C:/Users/niwel/Documents/GitHub/CooperativeSpaceMission/SpaceMission/Saved/Config/Windows/Scalability.ini]
[2021.12.01-15.06.19:579][  0]LogConfig: Setting CVar [[r.TranslucencyLightingVolumeDim:64]]
[2021.12.01-15.06.19:579][  0]LogConfig: Setting CVar [[r.RefractionQuality:2]]
[2021.12.01-15.06.19:580][  0]LogConfig: Setting CVar [[r.SSR.Quality:3]]
[2021.12.01-15.06.19:580][  0]LogConfig: Setting CVar [[r.SSR.HalfResSceneColor:0]]
[2021.12.01-15.06.19:580][  0]LogConfig: Setting CVar [[r.SceneColorFormat:4]]
[2021.12.01-15.06.19:581][  0]LogConfig: Setting CVar [[r.DetailMode:2]]
[2021.12.01-15.06.19:581][  0]LogConfig: Setting CVar [[r.TranslucencyVolumeBlur:1]]
[2021.12.01-15.06.19:582][  0]LogConfig: Setting CVar [[r.MaterialQualityLevel:1 ; High quality]]
[2021.12.01-15.06.19:582][  0]LogConfig: Setting CVar [[r.AnisotropicMaterials:1]]
[2021.12.01-15.06.19:582][  0]LogConfig: Setting CVar [[r.SSS.Scale:1]]
[2021.12.01-15.06.19:583][  0]LogConfig: Setting CVar [[r.SSS.SampleSet:2]]
[2021.12.01-15.06.19:584][  0]LogConfig: Setting CVar [[r.SSS.Quality:1]]
[2021.12.01-15.06.19:585][  0]LogConfig: Setting CVar [[r.SSS.HalfRes:0]]
[2021.12.01-15.06.19:585][  0]LogConfig: Setting CVar [[r.SSGI.Quality:3]]
[2021.12.01-15.06.19:585][  0]LogConfig: Setting CVar [[r.EmitterSpawnRateScale:1.0]]
[2021.12.01-15.06.19:586][  0]LogConfig: Setting CVar [[r.ParticleLightQuality:2]]
[2021.12.01-15.06.19:586][  0]LogConfig: Setting CVar [[r.SkyAtmosphere.AerialPerspectiveLUT.FastApplyOnOpaque:1 ; Always have FastSkyLUT 1 in this case to avoid wrong sky]]
[2021.12.01-15.06.19:587][  0]LogConfig: Setting CVar [[r.SkyAtmosphere.AerialPerspectiveLUT.SampleCountMaxPerSlice:4]]
[2021.12.01-15.06.19:587][  0]LogConfig: Setting CVar [[r.SkyAtmosphere.AerialPerspectiveLUT.DepthResolution:16.0]]
[2021.12.01-15.06.19:587][  0]LogConfig: Setting CVar [[r.SkyAtmosphere.FastSkyLUT:1]]
[2021.12.01-15.06.19:588][  0]LogConfig: Setting CVar [[r.SkyAtmosphere.FastSkyLUT.SampleCountMin:4.0]]
[2021.12.01-15.06.19:588][  0]LogConfig: Setting CVar [[r.SkyAtmosphere.FastSkyLUT.SampleCountMax:128.0]]
[2021.12.01-15.06.19:588][  0]LogConfig: Setting CVar [[r.SkyAtmosphere.SampleCountMin:4.0]]
[2021.12.01-15.06.19:589][  0]LogConfig: Setting CVar [[r.SkyAtmosphere.SampleCountMax:128.0]]
[2021.12.01-15.06.19:589][  0]LogConfig: Setting CVar [[r.SkyAtmosphere.TransmittanceLUT.UseSmallFormat:0]]
[2021.12.01-15.06.19:590][  0]LogConfig: Setting CVar [[r.SkyAtmosphere.TransmittanceLUT.SampleCount:10.0]]
[2021.12.01-15.06.19:591][  0]LogConfig: Setting CVar [[r.SkyAtmosphere.MultiScatteringLUT.SampleCount:15.0]]
[2021.12.01-15.06.19:591][  0]LogConfig: Setting CVar [[r.SkyLight.RealTimeReflectionCapture:1]]
[2021.12.01-15.06.19:592][  0]LogConfig: Applying CVar settings from Section [FoliageQuality@3] File [C:/Users/niwel/Documents/GitHub/CooperativeSpaceMission/SpaceMission/Saved/Config/Windows/Scalability.ini]
[2021.12.01-15.06.19:592][  0]LogConfig: Setting CVar [[foliage.DensityScale:1.0]]
[2021.12.01-15.06.19:593][  0]LogConfig: Setting CVar [[grass.DensityScale:1.0]]
[2021.12.01-15.06.19:593][  0]LogConfig: Applying CVar settings from Section [ShadingQuality@3] File [C:/Users/niwel/Documents/GitHub/CooperativeSpaceMission/SpaceMission/Saved/Config/Windows/Scalability.ini]
[2021.12.01-15.06.19:594][  0]LogConfig: Setting CVar [[r.HairStrands.SkyLighting.IntegrationType:2]]
[2021.12.01-15.06.19:594][  0]LogConfig: Setting CVar [[r.HairStrands.SkyAO.SampleCount:4]]
[2021.12.01-15.06.19:594][  0]LogConfig: Setting CVar [[r.HairStrands.Visibility.MSAA.SamplePerPixel:4]]
[2021.12.01-15.06.19:595][  0]LogConfig: Applying CVar settings from Section [Startup] File [../../../Engine/Config/ConsoleVariables.ini]
[2021.12.01-15.06.19:596][  0]LogConfig: Setting CVar [[net.UseAdaptiveNetUpdateFrequency:0]]
[2021.12.01-15.06.19:596][  0]LogConfig: Setting CVar [[p.chaos.AllowCreatePhysxBodies:1]]
[2021.12.01-15.06.19:596][  0]LogConfig: Setting CVar [[fx.SkipVectorVMBackendOptimizations:1]]
[2021.12.01-15.06.19:597][  0]LogConfig: Applying CVar settings from Section [ConsoleVariables] File [C:/Users/niwel/Documents/GitHub/CooperativeSpaceMission/SpaceMission/Saved/Config/Windows/Engine.ini]
[2021.12.01-15.06.19:597][  0]LogConfig: Applying CVar settings from Section [ConsoleVariables] File [C:/Users/niwel/Documents/GitHub/CooperativeSpaceMission/SpaceMission/Saved/Config/Windows/Editor.ini]
[2021.12.01-15.06.19:598][  0]LogInit: Computer: DESKTOP-29FF862
[2021.12.01-15.06.19:598][  0]LogInit: User: niwel
[2021.12.01-15.06.19:598][  0]LogInit: CPU Page size=4096, Cores=16
[2021.12.01-15.06.19:599][  0]LogInit: High frequency timer resolution =10.000000 MHz
[2021.12.01-15.06.19:603][  0]LogMemory: Memory total: Physical=63.9GB (64GB approx)
[2021.12.01-15.06.19:603][  0]LogMemory: Platform Memory Stats for Windows
[2021.12.01-15.06.19:604][  0]LogMemory: Process Physical Memory: 141.84 MB used, 141.84 MB peak
[2021.12.01-15.06.19:605][  0]LogMemory: Process Virtual Memory: 124.76 MB used, 124.76 MB peak
[2021.12.01-15.06.19:605][  0]LogMemory: Physical Memory: 16425.33 MB used,  49035.70 MB free, 65461.04 MB total
[2021.12.01-15.06.19:606][  0]LogMemory: Virtual Memory: 134164256.00 MB used,  53472.34 MB free, 134217728.00 MB total
[2021.12.01-15.06.19:608][  0]LogWindows: WindowsPlatformFeatures disabled or dedicated server build
[2021.12.01-15.06.19:627][  0]LogInit: Physics initialised using underlying interface: PhysX
[2021.12.01-15.06.19:627][  0]LogInit: Using OS detected language (de-DE).
[2021.12.01-15.06.19:628][  0]LogInit: Using OS detected locale (de-DE).
[2021.12.01-15.06.19:629][  0]LogTextLocalizationManager: No specific localization for 'de-DE' exists, so the 'de' localization will be used.
[2021.12.01-15.06.19:631][  0]LogTextLocalizationResource: LocRes '../../../Engine/Content/Localization/Editor/de/Editor.locres' could not be opened for reading!
[2021.12.01-15.06.19:631][  0]LogTextLocalizationResource: LocRes '../../../Engine/Content/Localization/EditorTutorials/de/EditorTutorials.locres' could not be opened for reading!
[2021.12.01-15.06.19:632][  0]LogTextLocalizationResource: LocRes '../../../Engine/Content/Localization/Keywords/de/Keywords.locres' could not be opened for reading!
[2021.12.01-15.06.19:632][  0]LogTextLocalizationResource: LocRes '../../../Engine/Content/Localization/Category/de/Category.locres' could not be opened for reading!
[2021.12.01-15.06.19:632][  0]LogTextLocalizationResource: LocRes '../../../Engine/Content/Localization/ToolTips/de/ToolTips.locres' could not be opened for reading!
[2021.12.01-15.06.19:633][  0]LogTextLocalizationResource: LocRes '../../../Engine/Content/Localization/PropertyNames/de/PropertyNames.locres' could not be opened for reading!
[2021.12.01-15.06.19:633][  0]LogTextLocalizationResource: LocRes '../../../Engine/Content/Localization/Engine/de/Engine.locres' could not be opened for reading!
[2021.12.01-15.06.19:838][  0]LogTargetPlatformManager: Display: Loaded TargetPlatform 'WindowsNoEditor'
[2021.12.01-15.06.19:840][  0]LogTargetPlatformManager: Display: Loaded TargetPlatform 'Windows'
[2021.12.01-15.06.19:842][  0]LogTargetPlatformManager: Display: Loaded TargetPlatform 'WindowsClient'
[2021.12.01-15.06.19:844][  0]LogTargetPlatformManager: Display: Loaded TargetPlatform 'WindowsServer'
[2021.12.01-15.06.19:844][  0]LogTargetPlatformManager: Display: Building Assets For Windows
[2021.12.01-15.06.19:846][  0]LogAudioDebug: Display: Lib vorbis DLL was dynamically loaded.
[2021.12.01-15.06.19:852][  0]LogTextureFormatOodle: Display: Oodle Texture 2.9.0 init RDO Off
[2021.12.01-15.06.19:860][  0]LogRendererCore: Ray tracing is disabled. Reason: r.RayTracing=0.
[2021.12.01-15.06.19:861][  0]LogShaderCompilers: Guid format shader working directory is -23 characters bigger than the processId version (C:/Users/niwel/Documents/GitHub/CooperativeSpaceMission/SpaceMission/Intermediate/Shaders/WorkingDirectory/22600/).
[2021.12.01-15.06.19:861][  0]LogShaderCompilers: Cleaned the shader compiler working directory 'C:/Users/niwel/AppData/Local/Temp/UnrealShaderWorkingDir/A7F921354A203F2BA7C2F48E92DA8709/'.
[2021.12.01-15.06.19:862][  0]LogXGEController: Cannot use XGE Controller as Incredibuild is not installed on this machine.
[2021.12.01-15.06.19:862][  0]LogShaderCompilers: Cannot use XGE Shader Compiler as Incredibuild is not installed on this machine.
[2021.12.01-15.06.19:862][  0]LogShaderCompilers: Display: Using Local Shader Compiler.
[2021.12.01-15.06.20:306][  0]LogDerivedDataCache: Display: Max Cache Size: 512 MB
[2021.12.01-15.06.20:356][  0]LogDerivedDataCache: Loaded boot cache 0.05s 94MB C:/Users/niwel/AppData/Local/UnrealEngine/4.27/DerivedDataCache/Boot.ddc.
[2021.12.01-15.06.20:356][  0]LogDerivedDataCache: Display: Loaded Boot cache: C:/Users/niwel/AppData/Local/UnrealEngine/4.27/DerivedDataCache/Boot.ddc
[2021.12.01-15.06.20:357][  0]LogDerivedDataCache: FDerivedDataBackendGraph:  Pak pak cache file C:/Users/niwel/Documents/GitHub/CooperativeSpaceMission/SpaceMission/DerivedDataCache/DDC.ddp not found, will not use a pak cache.
[2021.12.01-15.06.20:357][  0]LogDerivedDataCache: Unable to find inner node Pak for hierarchical cache Hierarchy.
[2021.12.01-15.06.20:358][  0]LogDerivedDataCache: FDerivedDataBackendGraph:  CompressedPak pak cache file C:/Users/niwel/Documents/GitHub/CooperativeSpaceMission/SpaceMission/DerivedDataCache/Compressed.ddp not found, will not use a pak cache.
[2021.12.01-15.06.20:358][  0]LogDerivedDataCache: Unable to find inner node CompressedPak for hierarchical cache Hierarchy.
[2021.12.01-15.06.20:374][  0]LogDerivedDataCache: Display: Pak cache opened for reading ../../../Engine/DerivedDataCache/Compressed.ddp.
[2021.12.01-15.06.20:374][  0]LogDerivedDataCache: FDerivedDataBackendGraph:  EnterprisePak pak cache file ../../../Enterprise/DerivedDataCache/Compressed.ddp not found, will not use a pak cache.
[2021.12.01-15.06.20:375][  0]LogDerivedDataCache: Unable to find inner node EnterprisePak for hierarchical cache Hierarchy.
[2021.12.01-15.06.20:381][  0]LogDerivedDataCache: Speed tests for C:/Users/niwel/AppData/Local/UnrealEngine/Common/DerivedDataCache took 0.01 seconds
[2021.12.01-15.06.20:381][  0]LogDerivedDataCache: Display: Performance to C:/Users/niwel/AppData/Local/UnrealEngine/Common/DerivedDataCache: Latency=0.02ms. RandomReadSpeed=2255.43MBs, RandomWriteSpeed=195.71MBs. Assigned SpeedClass 'Local'
[2021.12.01-15.06.20:382][  0]LogDerivedDataCache: Using Local data cache path C:/Users/niwel/AppData/Local/UnrealEngine/Common/DerivedDataCache: Writable
[2021.12.01-15.06.20:382][  0]LogDerivedDataCache: Shared data cache path not found in *engine.ini, will not use an Shared cache.
[2021.12.01-15.06.20:383][  0]LogDerivedDataCache: Unable to find inner node Shared for hierarchical cache Hierarchy.
[2021.12.01-15.06.20:386][  0]LogInit: Using OS detected language (de-DE).
[2021.12.01-15.06.20:387][  0]LogInit: Using OS detected locale (de-DE).
[2021.12.01-15.06.20:387][  0]LogTextLocalizationManager: No localization for 'de-DE' exists, so 'en' will be used for the language.
[2021.12.01-15.06.20:388][  0]LogTextLocalizationManager: No localization for 'de-DE' exists, so 'en' will be used for the locale.
[2021.12.01-15.06.20:394][  0]LogAssetRegistry: FAssetRegistry took 0.0019 seconds to start up
[2021.12.01-15.06.20:534][  0]LogTextLocalizationManager: Compacting localization data took   0.00ms
[2021.12.01-15.06.20:535][  0]LogPackageLocalizationCache: Processed 28 localized package path(s) for 1 prioritized culture(s) in 0.000697 seconds
[2021.12.01-15.06.20:607][  0]LogInit: Selected Device Profile: [Windows]
[2021.12.01-15.06.20:607][  0]LogInit: Active device profile: [000001A67A6ED400][000001A672013540 49] Windows
[2021.12.01-15.06.20:608][  0]LogInit: Profiles: [000001A67A6ED400][000001A672013540 49] Windows, [000001A67A69AC00][000001A672021800 49] WindowsNoEditor, [000001A67A6EF600][000001A672025AC0 49] WindowsServer, [000001A67A699200][000001A6720161C0 49] WindowsClient, [000001A67A6ABF00][000001A672028440 49] IOS, [000001A67A6EF300][000001A672030700 49] iPadAir, [000001A67A698400][000001A6720349C0 49] iPadAir2, [000001A67A63C500][000001A672498F00 49] IPadPro, [000001A67A63C600][000001A672038F40 49] iPadAir3, [000001A67A6A9A00][000001A672047200 49] iPadAir4, [000001A67A63F100][000001A6720434C0 49] iPadMini2, [000001A67A6AB400][000001A672495780 49] iPadMini3, [000001A67A63CC00][000001A6724A3A40 49] iPadMini4, [000001A67A6AAC00][000001A6724A6180 49] iPadMini5, [000001A67A633D00][000001A6724B6640 49] iPhone6, [000001A67A633E00][000001A67202C680 49] iPodTouch6, [000001A67A69B200][000001A6724C2BC0 49] iPhone7, [000001A67A69B100][000001A6724B2C00 49] iPodTouch7, [000001A67A630200][000001A6724BAEC0 49] iPhone5S, [000001A67A63EF00][000001A6724AF180 49] iPhone6Plus, [000001A67A631F00][000001A6724BF440 49] iPhone6S, [000001A67A63D400][000001A6724C7700 49] iPhone6SPlus, [000001A67A69A000][000001A6724CB9C0 49] iPhone7Plus, [000001A67A63C200][000001A6724CE100 49] iPhoneSE, [000001A67A698100][000001A6724D23C0 49] iPhone8, [000001A67A63E600][000001A6724AA640 49] iPhone8Plus, [000001A67A699C00][000001A6724D68C0 49] iPhoneX, [000001A67A63ED00][000001A6724DEB80 49] iPhoneXS, [000001A67A699400][000001A6724E2E40 49] iPhoneXSMax, [000001A67A63C900][000001A6724E7100 49] iPhoneXR, [000001A67A69B400][000001A6724EB3C0 49] iPhone11, [000001A67A63DB00][000001A6724EF680 49] iPhone11Pro, [000001A67A69A600][000001A6724F3940 49] iPhone11ProMax, [000001A67A63DC00][000001A6724F7C00 49] iPhoneSE2, [000001A67A69A800][000001A6724FA340 49] iPhone12Mini, [000001A67A63D700][000001A6724FE600 49] iPhone12, [000001A67A69BA00][000001A6724DA880 49] iPhone12Pro, [000001A67A63DA00][000001A672502B00 49] iPhone12ProMax, [000001A67A699F00][000001A67250ADC0 49] iPadPro105, [000001A67A63E500][000001A67250F080 49] iPadPro129, [000001A67A698700][000001A672513340 49] iPadPro97, [000001A67A63D900][000001A672517600 49] iPadPro2_129, [000001A67A69AF00][000001A67251B8C0 49] iPad5, [000001A67A63EA00][000001A67251FB80 49] iPad6, [000001A67A699600][000001A6725222C0 49] iPad7, [000001A67A63C800][000001A672526580 49] iPad8, [000001A67A699100][000001A67252A840 49] iPadPro11, [000001A67A63E100][000001A672506AC0 49] iPadPro2_11, [000001A67A69B500][000001A67252ED40 49] iPadPro3_129, [000001A67A63CF00][000001A672537000 49] iPadPro4_129, [000001A67A698200][000001A67253B2C0 49] AppleTV, [000001A67A63FF00][000001A67253F580 49] AppleTV4K, [000001A67A69BF00][000001A672543840 49] TVOS, [000001A67A63CE00][000001A672547B00 49] Mac, [000001A67A69A300][000001A67254A240 49] MacClient, [000001A67A63CB00][000001A67254E500 49] MacNoEditor, [000001A67A69A900][000001A6725527C0 49] MacServer, [000001A67A63DE00][000001A672556A80 49] Linux, [000001A67A69B300][000001A672532D00 49] LinuxAArch64, [000001A67A63F800][000001A67255AF80 49] LinuxNoEditor, [000001A67A698F00][000001A67A815240 49] LinuxAArch64NoEditor, [000001A67A63CD00][000001A67A819500 49] LinuxClient, [000001A67A698800][000001A67A81D7C0 49] LinuxAArch64Client, [000001A67A63F900][000001A67A821A80 49] LinuxServer, [000001A67A69B600][000001A67A8241C0 49] LinuxAArch64Server, [000001A67A63E700][000001A67A828480 49] Android, [000001A67A698900][000001A67A82C740 49] Android_Low, [000001A67A63F300][000001A67A830A00 49] Android_Mid, [000001A67A69BC00][000001A67A834CC0 49] Android_High, [000001A67A63EB00][000001A67A810F40 49] Android_Default, [000001A67A6EF200][000001A67A8391C0 49] Android_Adreno4xx, [000001A67A630300][000001A67A841480 49] Android_Adreno5xx_Low, [000001A67A6ED600][000001A67A845740 49] Android_Adreno5xx, [000001A67A631600][000001A67A849A00 49] Android_Adreno6xx, [000001A67A6EEC00][000001A67A84C140 49] Android_Adreno6xx_Vulkan, [000001A67A631900][000001A67A850400 49] Android_Mali_T6xx, [000001A67A6EC500][000001A67A8546C0 49] Android_Mali_T7xx, [000001A67A631700][000001A67A858980 49] Android_Mali_T8xx, [000001A67A6ED300][000001A67A85CC40 49] Android_Mali_G71, [000001A67A632500][000001A67A860F00 49] Android_Mali_G72, [000001A67A6ED100][000001A67A83D180 49] Android_Mali_G72_Vulkan, [000001A67A633F00][000001A67A865400 49] Android_Mali_G76, [000001A67A6ED000][000001A67A86D6C0 49] Android_Mali_G76_Vulkan, [000001A67A630100][000001A67A871980 49] Android_Mali_G77, [000001A67A6ED800][000001A67A8740C0 49] Android_Mali_G77_Vulkan, [000001A67A633600][000001A67A878380 49] Android_Mali_G78, [000001A67A6EE300][000001A67A87C640 49] Android_Mali_G78_Vulkan, [000001A67A633200][000001A67A880900 49] Android_Mali_G710, [000001A67A6EF100][000001A67A884BC0 49] Android_Mali_G710_Vulkan, [000001A67A630800][000001A67A888E80 49] Android_Vulkan_SM5, [000001A67A6EE800][000001A67A88D140 49] Android_PowerVR_G6xxx, [000001A67A630600][000001A67A8693C0 49] Android_PowerVR_GT7xxx, [000001A67A6EFA00][000001A67A891640 49] Android_PowerVR_GE8xxx, [000001A67A633900][000001A67A899900 49] Android_PowerVR_GM9xxx, [000001A67A6EE700][000001A67A89DBC0 49] Android_PowerVR_GM9xxx_Vulkan, [000001A67A630700][000001A67A8A0300 49] Android_TegraK1, [000001A67A6EDA00][000001A67A8A45C0 49] Android_Unknown_Vulkan, [000001A67A63D100][000001A67A8A8880 49] Lumin, [000001A67A6EDB00][000001A67A8ACB40 49] Lumin_Desktop, [000001A67A63C300][000001A67A8B0E00 49] HoloLens, 
[2021.12.01-15.06.20:639][  0]LogMeshReduction: Using QuadricMeshReduction for automatic static mesh reduction
[2021.12.01-15.06.20:640][  0]LogMeshReduction: Using SimplygonMeshReduction for automatic skeletal mesh reduction
[2021.12.01-15.06.20:640][  0]LogMeshReduction: Using ProxyLODMeshReduction for automatic mesh merging
[2021.12.01-15.06.20:640][  0]LogMeshReduction: No distributed automatic mesh merging module available
[2021.12.01-15.06.20:641][  0]LogMeshMerging: No distributed automatic mesh merging module available
[2021.12.01-15.06.20:652][  0]LogNetVersion: SpaceMission 1.0.0, NetCL: 17155196, EngineNetVer: 17, GameNetVer: 0 (Checksum: 1911237226)
[2021.12.01-15.06.20:732][  0]LogTexture: Default maximum texture size for cubemaps generated from long-lat sources has been changed from 512 to unlimited. In order to preserve old behaiour for '/Engine/MapTemplates/Sky/DaylightAmbientCubemap.DaylightAmbientCubemap', its maximum texture size has been explicitly set to 512.
[2021.12.01-15.06.20:745][  0]LogHMD: PokeAHoleMaterial loaded successfully
[2021.12.01-15.06.20:860][  0]LogPython: Using Python 3.7.7
[2021.12.01-15.06.21:228][  0]LogNiagaraDebuggerClient: Niagara Debugger Client Initialized | Session: CB56955B45B9D118B12097A102D5B47C | Instance: 0913C85147BCEEE2377BE5B7C87D411E (DESKTOP-29FF862-22600).
[2021.12.01-15.06.21:240][  0]LogCollectionManager: Loaded 0 collections in 0.000722 seconds
[2021.12.01-15.06.21:242][  0]LogFileCache: Scanning file cache for directory 'C:/Users/niwel/Documents/GitHub/CooperativeSpaceMission/SpaceMission/Saved/Collections/' took 0.00s
[2021.12.01-15.06.21:242][  0]LogFileCache: Scanning file cache for directory 'C:/Users/niwel/Documents/GitHub/CooperativeSpaceMission/SpaceMission/Content/Developers/niwel/Collections/' took 0.00s
[2021.12.01-15.06.21:242][  0]LogFileCache: Scanning file cache for directory 'C:/Users/niwel/Documents/GitHub/CooperativeSpaceMission/SpaceMission/Content/Collections/' took 0.00s
[2021.12.01-15.06.21:242][  0]LogCollectionManager: Fixed up redirectors for 0 collections in 0.000001 seconds (updated 0 objects)
[2021.12.01-15.06.21:305][  0]LogTcpMessaging: Initializing TcpMessaging bridge
[2021.12.01-15.06.21:308][  0]LogUdpMessaging: Initializing bridge on interface 0.0.0.0:0 to multicast group 230.0.0.1:6666.
[2021.12.01-15.06.21:344][  0]LogSteamShared: Display: Loading Steam SDK 1.51
[2021.12.01-15.06.21:345][  0]LogSteamShared: Steam SDK Loaded!
[2021.12.01-15.06.21:396][  0]SourceControl: Source control is disabled
[2021.12.01-15.06.21:397][  0]SourceControl: Source control is disabled
[2021.12.01-15.06.21:400][  0]SourceControl: Source control is disabled
[2021.12.01-15.06.21:406][  0]LogUProjectInfo: Found projects:
[2021.12.01-15.06.21:474][  0]LogOpenImageDenoise: OIDN starting up
[2021.12.01-15.06.21:521][  0]LogAndroidPermission: UAndroidPermissionCallbackProxy::GetInstance
[2021.12.01-15.06.21:539][  0]LogAudioCaptureCore: Display: No Audio Capture implementations found. Audio input will be silent.
[2021.12.01-15.06.21:539][  0]LogAudioCaptureCore: Display: No Audio Capture implementations found. Audio input will be silent.
[2021.12.01-15.06.21:595][  0]LogOcInput: OculusInput pre-init called
[2021.12.01-15.06.21:604][  0]LogUObjectArray: 22394 objects as part of root set at end of initial load.
[2021.12.01-15.06.21:604][  0]LogUObjectAllocator: 6056336 out of 0 bytes used by permanent object pool.
[2021.12.01-15.06.21:605][  0]LogUObjectArray: CloseDisregardForGC: 0/0 objects in disregard for GC pool
[2021.12.01-15.06.21:642][  0]LogClass: Display: BoolProperty FBPSteamGroupOfficer::bIsOwner is not initialized properly. Module:AdvancedSteamSessions File:Classes/SteamRequestGroupOfficersCallbackProxy.h
[2021.12.01-15.06.21:642][  0]LogClass: Display: IntProperty FBPSteamGroupInfo::numOnline is not initialized properly. Module:AdvancedSteamSessions File:Classes/AdvancedSteamFriendsLibrary.h
[2021.12.01-15.06.21:642][  0]LogClass: Display: IntProperty FBPSteamGroupInfo::numInGame is not initialized properly. Module:AdvancedSteamSessions File:Classes/AdvancedSteamFriendsLibrary.h
[2021.12.01-15.06.21:642][  0]LogClass: Display: IntProperty FBPSteamGroupInfo::numChatting is not initialized properly. Module:AdvancedSteamSessions File:Classes/AdvancedSteamFriendsLibrary.h
[2021.12.01-15.06.21:643][  0]LogClass: Display: IntProperty FRegisteredDeviceInfo::Handle is not initialized properly. Module:RawInput File:Public/RawInputFunctionLibrary.h
[2021.12.01-15.06.21:643][  0]LogClass: Display: IntProperty FRegisteredDeviceInfo::VendorID is not initialized properly. Module:RawInput File:Public/RawInputFunctionLibrary.h
[2021.12.01-15.06.21:644][  0]LogClass: Display: IntProperty FRegisteredDeviceInfo::ProductID is not initialized properly. Module:RawInput File:Public/RawInputFunctionLibrary.h
[2021.12.01-15.06.21:644][  0]LogClass: Display: 7 Uninitialized script struct members found including 0 object properties
[2021.12.01-15.06.21:645][  0]LogEngine: Initializing Engine...
[2021.12.01-15.06.21:646][  0]LogStats: UGameplayTagsManager::InitializeManager -  0.000 s
[2021.12.01-15.06.21:657][  0]LogInit: Initializing FReadOnlyCVARCache
[2021.12.01-15.06.21:658][  0]LogNetVersion: Set ProjectVersion to 1.0.0.0. Version Checksum will be recalculated on next use.
[2021.12.01-15.06.21:659][  0]LogInit: Texture streaming: Disabled
[2021.12.01-15.06.21:951][  0]LogInit: Display: Game Engine Initialized.
[2021.12.01-15.06.21:952][  0]LogNiagaraEditor: GEditor isn't valid! Particle reset commands will not work for Niagara components!
[2021.12.01-15.06.21:995][  0]LogInit: Display: Starting Game.
[2021.12.01-15.06.21:996][  0]LogNet: Browse: /Game/VehicleAdvBP/Maps/VehicleAdvExampleMap?Name=Player
[2021.12.01-15.06.21:996][  0]LogLoad: LoadMap: /Game/VehicleAdvBP/Maps/VehicleAdvExampleMap?Name=Player
[2021.12.01-15.06.21:997][  0]LogWorld: BeginTearingDown for /Temp/Untitled_0
[2021.12.01-15.06.22:000][  0]LogWorld: UWorld::CleanupWorld for Untitled, bSessionEnded=true, bCleanupResources=true
[2021.12.01-15.06.22:011][  0]LogUObjectHash: Compacting FUObjectHashTables data took   0.89ms
[2021.12.01-15.06.22:195][  0]LogSkeletalMesh: Display: [AssetLog] C:\Users\niwel\Documents\GitHub\CooperativeSpaceMission\SpaceMission\Content\VehicleAdv\Vehicle\Vehicle_SkelMesh.uasset: Find and fix some bad tangent! please re-import this skeletal mesh asset to fix the issue. The shading of the skeletal mesh will be bad and faceted.
[2021.12.01-15.06.22:219][  0]LogAIModule: Creating AISystem for world VehicleAdvExampleMap
[2021.12.01-15.06.22:220][  0]LogLoad: Game class is 'VehicleAdvGameMode_C'
[2021.12.01-15.06.22:220][  0]LogNet: ReplicationDriverClass is null! Not using ReplicationDriver.
[2021.12.01-15.06.22:220][  0]LogNetCore: DDoS detection status: detection enabled: 0 analytics enabled: 0
[2021.12.01-15.06.22:221][  0]LogInit: WinSock: Socket queue. Rx: 131072 (config 131072) Tx: 131072 (config 131072)
[2021.12.01-15.06.22:221][  0]LogNet: Created socket for bind address: 0.0.0.0 on port 17777
[2021.12.01-15.06.22:222][  0]PacketHandlerLog: Loaded PacketHandler component: Engine.EngineHandlerComponentFactory (StatelessConnectHandlerComponent)
[2021.12.01-15.06.22:222][  0]LogNet: GameNetDriver IpNetDriver_0 IpNetDriver listening on port 17777
[2021.12.01-15.06.22:226][  0]LogWorld: Bringing World /Game/VehicleAdvBP/Maps/VehicleAdvExampleMap.VehicleAdvExampleMap up for play (max tick rate 30) at 2021.12.01-16.06.22
[2021.12.01-15.06.22:226][  0]LogWorld: Bringing up level for play took: 0.003044
[2021.12.01-15.06.22:227][  0]LogLoad: Took 0.230603 seconds to LoadMap(/Game/VehicleAdvBP/Maps/VehicleAdvExampleMap)
[2021.12.01-15.06.22:235][  0]LogInit: Display: Engine is initialized. Leaving FEngineLoop::Init()
[2021.12.01-15.06.22:235][  0]LogLoad: (Engine Initialization) Total time: 4.36 seconds
[2021.12.01-15.06.22:235][  0]LogLoad: (Engine Initialization) Total Blueprint compile time: 0.00 seconds
[2021.12.01-15.06.23:263][ 30]LogNet: NotifyAcceptingConnection accepted from: 127.0.0.1:59362
[2021.12.01-15.06.23:263][ 30]LogHandshake: SendConnectChallenge. Timestamp: 1.026853, Cookie: 059114031201156241103123155130158209062248199200244005013095
[2021.12.01-15.06.23:297][ 31]LogNet: NotifyAcceptingConnection accepted from: 127.0.0.1:59362
[2021.12.01-15.06.23:297][ 31]LogHandshake: SendChallengeAck. InCookie: 059114031201156241103123155130158209062248199200244005013095
[2021.12.01-15.06.23:297][ 31]LogNet: Server accepting post-challenge connection from: 127.0.0.1:59362
[2021.12.01-15.06.23:298][ 31]PacketHandlerLog: Loaded PacketHandler component: Engine.EngineHandlerComponentFactory (StatelessConnectHandlerComponent)
[2021.12.01-15.06.23:299][ 31]LogNet: NotifyAcceptedConnection: Name: VehicleAdvExampleMap, TimeStamp: 12/01/21 16:06:23, [UNetConnection] RemoteAddr: 127.0.0.1:59362, Name: IpConnection_0, Driver: GameNetDriver IpNetDriver_0, IsServer: YES, PC: NULL, Owner: NULL, UniqueId: INVALID
[2021.12.01-15.06.23:301][ 31]LogNet: AddClientConnection: Added client connection: [UNetConnection] RemoteAddr: 127.0.0.1:59362, Name: IpConnection_0, Driver: GameNetDriver IpNetDriver_0, IsServer: YES, PC: NULL, Owner: NULL, UniqueId: INVALID
[2021.12.01-15.06.23:302][ 31]LogNet: NotifyAcceptingConnection accepted from: 127.0.0.1:59363
[2021.12.01-15.06.23:303][ 31]LogHandshake: SendConnectChallenge. Timestamp: 1.060876, Cookie: 244199048175236184209074079237171119189202117236228168021151
[2021.12.01-15.06.23:304][ 31]LogNet: NotifyAcceptingChannel Control 0 server World /Game/VehicleAdvBP/Maps/VehicleAdvExampleMap.VehicleAdvExampleMap: Accepted
[2021.12.01-15.06.23:304][ 31]LogNet: Remote platform little endian=1
[2021.12.01-15.06.23:305][ 31]LogNet: This platform little endian=1
[2021.12.01-15.06.23:306][ 31]LogNetVersion: SpaceMission 1.0.0.0, NetCL: 17155196, EngineNetVer: 17, GameNetVer: 0 (Checksum: 3038918335)
[2021.12.01-15.06.23:306][ 31]LogNet: NotifyAcceptingConnection accepted from: 127.0.0.1:59363
[2021.12.01-15.06.23:308][ 31]LogHandshake: SendChallengeAck. InCookie: 244199048175236184209074079237171119189202117236228168021151
[2021.12.01-15.06.23:308][ 31]LogNet: Server accepting post-challenge connection from: 127.0.0.1:59363
[2021.12.01-15.06.23:309][ 31]PacketHandlerLog: Loaded PacketHandler component: Engine.EngineHandlerComponentFactory (StatelessConnectHandlerComponent)
[2021.12.01-15.06.23:310][ 31]LogNet: NotifyAcceptedConnection: Name: VehicleAdvExampleMap, TimeStamp: 12/01/21 16:06:23, [UNetConnection] RemoteAddr: 127.0.0.1:59363, Name: IpConnection_1, Driver: GameNetDriver IpNetDriver_0, IsServer: YES, PC: NULL, Owner: NULL, UniqueId: INVALID
[2021.12.01-15.06.23:310][ 31]LogNet: AddClientConnection: Added client connection: [UNetConnection] RemoteAddr: 127.0.0.1:59363, Name: IpConnection_1, Driver: GameNetDriver IpNetDriver_0, IsServer: YES, PC: NULL, Owner: NULL, UniqueId: INVALID
[2021.12.01-15.06.23:311][ 31]LogNet: Login request: ?Name=DESKTOP-29FF862-0587BBCD4C69237C9A8BA9B1D9F1AB85 userId: NULL:DESKTOP-29FF862-0587BBCD4C69237C9A8BA9B1D9F1AB85 platform: NULL
[2021.12.01-15.06.23:312][ 31]LogNet: NotifyAcceptingChannel Control 0 server World /Game/VehicleAdvBP/Maps/VehicleAdvExampleMap.VehicleAdvExampleMap: Accepted
[2021.12.01-15.06.23:312][ 31]LogNet: Remote platform little endian=1
[2021.12.01-15.06.23:313][ 31]LogNet: This platform little endian=1
[2021.12.01-15.06.23:330][ 32]LogNet: Login request: ?Name=DESKTOP-29FF862-239D7E1C49B1BA1777190883AFC3DC4C userId: NULL:DESKTOP-29FF862-239D7E1C49B1BA1777190883AFC3DC4C platform: NULL
[2021.12.01-15.06.23:594][ 40]LogNet: Client netspeed is 100000
[2021.12.01-15.06.23:594][ 40]LogNet: Join request: /Engine/Maps/Entry?Name=DESKTOP-29FF862-0587BBCD4C69237C9A8BA9B1D9F1AB85?SplitscreenCount=1
[2021.12.01-15.06.23:595][ 40]LogOnlineSession: Warning: OSS: No game present to join for session (GameSession)
[2021.12.01-15.06.23:599][ 40]LogNet: Join succeeded: DESKTOP-29FF862-0587
[2021.12.01-15.06.23:599][ 40]LogNet: Client netspeed is 100000
[2021.12.01-15.06.23:600][ 40]LogNet: Join request: /Engine/Maps/Entry?Name=DESKTOP-29FF862-239D7E1C49B1BA1777190883AFC3DC4C?SplitscreenCount=1
[2021.12.01-15.06.23:601][ 40]LogOnlineSession: Warning: OSS: No game present to join for session (GameSession)
[2021.12.01-15.06.23:606][ 40]LogNet: Join succeeded: DESKTOP-29FF862-239D
[2021.12.01-15.06.31:277][271]LogNet: UChannel::ReceivedSequencedBunch: Bunch.bClose == true. ChIndex == 0. Calling ConditionalCleanUp.
[2021.12.01-15.06.31:277][271]LogNet: UChannel::CleanUp: ChIndex == 0. Closing connection. [UChannel] ChIndex: 0, Closing: 0 [UNetConnection] RemoteAddr: 127.0.0.1:59362, Name: IpConnection_0, Driver: GameNetDriver IpNetDriver_0, IsServer: YES, PC: v_PC_C_0, Owner: v_PC_C_0, UniqueId: NULL:DESKTOP-29FF862-0587BBCD4C69237C9A8BA9B1D9F1AB85
[2021.12.01-15.06.31:278][271]LogNet: UNetConnection::Close: [UNetConnection] RemoteAddr: 127.0.0.1:59362, Name: IpConnection_0, Driver: GameNetDriver IpNetDriver_0, IsServer: YES, PC: v_PC_C_0, Owner: v_PC_C_0, UniqueId: NULL:DESKTOP-29FF862-0587BBCD4C69237C9A8BA9B1D9F1AB85, Channels: 11, Time: 2021.12.01-15.06.31
[2021.12.01-15.06.31:278][271]LogNet: UChannel::Close: Sending CloseBunch. ChIndex == 0. Name: [UChannel] ChIndex: 0, Closing: 0 [UNetConnection] RemoteAddr: 127.0.0.1:59362, Name: IpConnection_0, Driver: GameNetDriver IpNetDriver_0, IsServer: YES, PC: v_PC_C_0, Owner: v_PC_C_0, UniqueId: NULL:DESKTOP-29FF862-0587BBCD4C69237C9A8BA9B1D9F1AB85
[2021.12.01-15.06.31:279][271]LogOnlineSession: Warning: OSS: No game present to leave for session (GameSession)
[2021.12.01-15.06.32:501][308]LogNet: UChannel::ReceivedSequencedBunch: Bunch.bClose == true. ChIndex == 0. Calling ConditionalCleanUp.
[2021.12.01-15.06.32:501][308]LogNet: UChannel::CleanUp: ChIndex == 0. Closing connection. [UChannel] ChIndex: 0, Closing: 0 [UNetConnection] RemoteAddr: 127.0.0.1:59363, Name: IpConnection_1, Driver: GameNetDriver IpNetDriver_0, IsServer: YES, PC: v_PC_C_1, Owner: v_PC_C_1, UniqueId: NULL:DESKTOP-29FF862-239D7E1C49B1BA1777190883AFC3DC4C
[2021.12.01-15.06.32:502][308]LogNet: UNetConnection::Close: [UNetConnection] RemoteAddr: 127.0.0.1:59363, Name: IpConnection_1, Driver: GameNetDriver IpNetDriver_0, IsServer: YES, PC: v_PC_C_1, Owner: v_PC_C_1, UniqueId: NULL:DESKTOP-29FF862-239D7E1C49B1BA1777190883AFC3DC4C, Channels: 9, Time: 2021.12.01-15.06.32
[2021.12.01-15.06.32:502][308]LogNet: UChannel::Close: Sending CloseBunch. ChIndex == 0. Name: [UChannel] ChIndex: 0, Closing: 0 [UNetConnection] RemoteAddr: 127.0.0.1:59363, Name: IpConnection_1, Driver: GameNetDriver IpNetDriver_0, IsServer: YES, PC: v_PC_C_1, Owner: v_PC_C_1, UniqueId: NULL:DESKTOP-29FF862-239D7E1C49B1BA1777190883AFC3DC4C
[2021.12.01-15.06.32:503][308]LogOnlineSession: Warning: OSS: No game present to leave for session (GameSession)
